Updated DZ: 7 neighbours
Updated AO: 4 neighbours
Updated BJ: 4 neighbours
Updated BW: 4 neighbours
Updated BF: 6 neighbours
Updated BI: 3 neighbours
Updated CM: 6 neighbours
Updated CF: 6 neighbours
Updated TD: 6 neighbours
Updated CG: 5 neighbours
Updated CD: 9 neighbours
Updated CI: 5 neighbours
Updated DJ: 3 neighbours
Updated EG: 4 neighbours
Updated GQ: 2 neighbours
Updated ER: 3 neighbours
Updated SZ: 2 neighbours
Updated ET: 6 neighbours
Updated GA: 3 neighbours
Updated GM: 1 neighbours
Updated GH: 3 neighbours
Updated GN: 6 neighbours
Updated GW: 2 neighbours
Updated KE: 5 neighbours
Updated LS: 1 neighbours
Updated LR: 3 neighbours
Updated LY: 6 neighbours
Updated MW: 3 neighbours
Updated ML: 7 neighbours
Updated MR: 4 neighbours
Updated MA: 3 neighbours
Updated MZ: 6 neighbours
Updated NA: 4 neighbours
Updated NE: 7 neighbours
Updated NG: 4 neighbours
Updated RW: 4 neighbours
Updated SN: 5 neighbours
Updated SL: 2 neighbours
Updated SO: 3 neighbours
Updated ZA: 6 neighbours
Updated SS: 6 neighbours
Updated SD: 7 neighbours
Updated TZ: 8 neighbours
Updated TG: 3 neighbours
Updated TN: 2 neighbours
Updated UG: 5 neighbours
Updated EH: 3 neighbours
Updated ZM: 8 neighbours
Updated ZW: 4 neighbours
Updated AF: 6 neighbours
Updated AM: 4 neighbours
Updated AZ: 5 neighbours
Updated BD: 2 neighbours
Updated BT: 2 neighbours
Updated BN: 1 neighbours
Updated KH: 3 neighbours
Updated CN: 16 neighbours
Updated GE: 4 neighbours
Updated HK: 1 neighbours
Updated IN: 6 neighbours
Updated ID: 3 neighbours
Updated IR: 7 neighbours
Updated IQ: 6 neighbours
Updated IL: 5 neighbours
Updated JO: 5 neighbours
Updated KZ: 5 neighbours
Updated KW: 2 neighbours
Updated KG: 4 neighbours
Updated LA: 5 neighbours
Updated LB: 2 neighbours
Updated MO: 1 neighbours
Updated MY: 3 neighbours
Updated MN: 2 neighbours
Updated MM: 5 neighbours
Updated NP: 2 neighbours
Updated KP: 3 neighbours
Updated OM: 3 neighbours
Updated PK: 4 neighbours
Updated PS: 3 neighbours
Updated QA: 1 neighbours
Updated SA: 7 neighbours
Updated KR: 1 neighbours
Updated SY: 5 neighbours
Updated TJ: 4 neighbours
Updated TH: 4 neighbours
Updated TL: 1 neighbours
Updated TR: 8 neighbours
Updated TM: 4 neighbours
Updated AE: 2 neighbours
Updated UZ: 5 neighbours
Updated VN: 3 neighbours
Updated YE: 2 neighbours
Updated AL: 4 neighbours
Updated AD: 2 neighbours
Updated AT: 8 neighbours
Updated BY: 5 neighbours
Updated BE: 4 neighbours
Updated BA: 3 neighbours
Updated BG: 5 neighbours
Updated HR: 5 neighbours
Updated CZ: 4 neighbours
Updated DK: 1 neighbours
Updated EE: 2 neighbours
Updated FI: 3 neighbours
Updated FR: 8 neighbours
Updated DE: 9 neighbours
Updated GI: 1 neighbours
Updated GR: 4 neighbours
Updated HU: 7 neighbours
Updated IE: 1 neighbours
Updated IT: 6 neighbours
Updated XK: 4 neighbours
Updated LV: 4 neighbours
Updated LI: 2 neighbours
Updated LT: 4 neighbours
Updated LU: 3 neighbours
Updated MD: 2 neighbours
Updated MC: 1 neighbours
Updated ME: 5 neighbours
Updated NL: 2 neighbours
Updated MK: 5 neighbours
Updated NO: 3 neighbours
Updated PL: 7 neighbours
Updated PT: 1 neighbours
Updated RO: 5 neighbours
Updated RU: 14 neighbours
Updated SM: 1 neighbours
Updated RS: 8 neighbours
Updated SK: 5 neighbours
Updated SI: 4 neighbours
Updated ES: 5 neighbours
Updated SE: 2 neighbours
Updated CH: 5 neighbours
Updated UA: 7 neighbours
Updated GB: 1 neighbours
Updated VA: 1 neighbours
Updated BZ: 2 neighbours
Updated CA: 1 neighbours
Updated CR: 2 neighbours
Updated DO: 1 neighbours
Updated SV: 2 neighbours
Updated GT: 4 neighbours
Updated HT: 1 neighbours
Updated HN: 3 neighbours
Updated MX: 3 neighbours
Updated NI: 2 neighbours
Updated PA: 2 neighbours
Updated MF: 1 neighbours
Updated SX: 1 neighbours
Updated US: 2 neighbours
Updated AR: 5 neighbours
Updated BO: 5 neighbours
Updated BR: 10 neighbours
Updated CL: 3 neighbours
Updated CO: 5 neighbours
Updated EC: 2 neighbours
Updated GF: 2 neighbours
Updated GY: 3 neighbours
Updated PY: 3 neighbours
Updated PE: 5 neighbours
Updated SR: 3 neighbours
Updated UY: 2 neighbours
Updated VE: 3 neighbours
Updated PG: 1 neighbours

Updated 164 countries with neighbours
